<?xml version="1.0" encoding="UTF-8"?>
<!-- Generated by org.testng.reporters.JUnitReportReporter -->
<testsuite skipped="0" hostname="LAPTOP-2TN0UD4N" name="com.qa.smallcase.test.loginPageTest" tests="1" failures="0" timestamp="14 May 2021 16:04:35 GMT" time="5.726" errors="0">
  <testcase name="checkProductPrice" time="5.726" classname="com.qa.smallcase.test.loginPageTest"/>
</testsuite> <!-- com.qa.smallcase.test.loginPageTest -->
