<?xml version="1.0" encoding="UTF-8"?>
<!-- Generated by org.testng.reporters.JUnitReportReporter -->
<testsuite skipped="0" hostname="LAPTOP-2TN0UD4N" name="com.qa.smallcase.testAssignments.testAssignment1" tests="1" failures="0" timestamp="17 May 2021 17:43:22 GMT" time="13.215" errors="0">
  <testcase name="checkProductPrice" time="13.215" classname="com.qa.smallcase.testAssignments.testAssignment1"/>
</testsuite> <!-- com.qa.smallcase.testAssignments.testAssignment1 -->
